INFO:     127.0.0.1:5989 - "GET /health HTTP/1.1" 200 OK
INFO:     197.153.65.37:0 - "GET /health HTTP/1.1" 200 OK
INFO:     2605:4c40:159:779f:0:e049:5003:1:0 - "POST /run HTTP/1.1" 500 Internal Server Error
INFO:     2605:4c40:159:779f:0:e049:5003:1:0 - "GET /health HTTP/1.1" 200 OK
INFO:     2605:4c40:159:779f:0:e049:5003:1:0 - "POST /run HTTP/1.1" 500 Internal Server Error
INFO:     2605:4c40:159:779f:0:e049:5003:1:0 - "GET /health HTTP/1.1" 200 OK
INFO:     2605:4c40:159:779f:0:e049:5003:1:0 - "POST /run HTTP/1.1" 500 Internal Server Error
INFO:     2605:4c40:159:779f:0:e049:5003:1:0 - "GET /health HTTP/1.1" 200 OK
INFO:     2605:4c40:159:779f:0:e049:5003:1:0 - "POST /run HTTP/1.1" 500 Internal Server Error
INFO:     2605:4c40:159:779f:0:e049:5003:1:0 - "GET /health HTTP/1.1" 200 OK
INFO:     2605:4c40:159:779f:0:e049:5003:1:0 - "POST /run HTTP/1.1" 500 Internal Server Error
INFO:     2605:4c40:159:779f:0:e049:5003:1:0 - "GET /health HTTP/1.1" 200 OK
INFO:     2605:4c40:159:779f:0:e049:5003:1:0 - "POST /run HTTP/1.1" 500 Internal Server Error
INFO:     2605:4c40:159:779f:0:e049:5003:1:0 - "GET /health HTTP/1.1" 200 OK
INFO:     2605:4c40:159:779f:0:e049:5003:1:0 - "POST /run HTTP/1.1" 500 Internal Server Error
INFO:     2605:4c40:159:779f:0:e049:5003:1:0 - "GET /health HTTP/1.1" 200 OK
INFO:     2605:4c40:159:779f:0:e049:5003:1:0 - "POST /run HTTP/1.1" 200 OK
INFO:     2605:4c40:159:779f:0:e049:5003:1:0 - "GET /health HTTP/1.1" 200 OK
INFO:     2605:4c40:159:779f:0:e049:5003:1:0 - "POST /run HTTP/1.1" 200 OK
INFO:     2605:4c40:159:779f:0:e049:5003:1:0 - "GET /health HTTP/1.1" 200 OK
INFO:     2605:4c40:159:779f:0:e049:5003:1:0 - "POST /run HTTP/1.1" 200 OK
INFO:     2605:4c40:159:779f:0:e049:5003:1:0 - "GET /health HTTP/1.1" 200 OK
INFO:     2605:4c40:159:779f:0:e049:5003:1:0 - "POST /run HTTP/1.1" 200 OK
INFO:     2605:4c40:159:779f:0:e049:5003:1:0 - "GET /health HTTP/1.1" 200 OK
INFO:     2605:4c40:159:779f:0:e049:5003:1:0 - "POST /run HTTP/1.1" 200 OK
INFO:     2605:4c40:159:779f:0:e049:5003:1:0 - "GET /health HTTP/1.1" 200 OK
INFO:     2605:4c40:159:779f:0:e049:5003:1:0 - "POST /run HTTP/1.1" 200 OK
INFO:     2605:4c40:159:779f:0:e049:5003:1:0 - "GET /health HTTP/1.1" 200 OK
INFO:     2605:4c40:159:779f:0:e049:5003:1:0 - "POST /run HTTP/1.1" 200 OK
INFO:     2605:4c40:159:779f:0:e049:5003:1:0 - "GET /health HTTP/1.1" 200 OK
INFO:     2605:4c40:159:779f:0:e049:5003:1:0 - "POST /run HTTP/1.1" 200 OK
INFO:     2605:4c40:159:779f:0:e049:5003:1:0 - "GET /health HTTP/1.1" 200 OK
INFO:     2605:4c40:159:779f:0:e049:5003:1:0 - "POST /run HTTP/1.1" 200 OK
INFO:     2605:4c40:159:779f:0:e049:5003:1:0 - "GET /health HTTP/1.1" 200 OK
INFO:     2605:4c40:159:779f:0:e049:5003:1:0 - "POST /run HTTP/1.1" 200 OK
INFO:     2605:4c40:159:779f:0:e049:5003:1:0 - "GET /health HTTP/1.1" 200 OK
INFO:     2605:4c40:159:779f:0:e049:5003:1:0 - "POST /run HTTP/1.1" 200 OK
INFO:     2605:4c40:159:779f:0:e049:5003:1:0 - "GET /health HTTP/1.1" 200 OK
INFO:     2605:4c40:159:779f:0:e049:5003:1:0 - "POST /run HTTP/1.1" 200 OK
INFO:     2605:4c40:159:779f:0:e049:5003:1:0 - "GET /status/d7732ab3-fd47-4859-9877-5944910e26ce HTTP/1.1" 404 Not Found
INFO:     2605:4c40:159:779f:0:e049:5003:1:0 - "GET /status/d7732ab3-fd47-4859-9877-5944910e26ce HTTP/1.1" 404 Not Found
INFO:     2605:4c40:159:779f:0:e049:5003:1:0 - "GET /status/d7732ab3-fd47-4859-9877-5944910e26ce HTTP/1.1" 404 Not Found
INFO:     2605:4c40:159:779f:0:e049:5003:1:0 - "GET /status/d7732ab3-fd47-4859-9877-5944910e26ce HTTP/1.1" 404 Not Found
INFO:     2605:4c40:159:779f:0:e049:5003:1:0 - "GET /status/d7732ab3-fd47-4859-9877-5944910e26ce HTTP/1.1" 404 Not Found
INFO:     2605:4c40:159:779f:0:e049:5003:1:0 - "GET /status/d7732ab3-fd47-4859-9877-5944910e26ce HTTP/1.1" 404 Not Found
INFO:     2605:4c40:159:779f:0:e049:5003:1:0 - "GET /status/d7732ab3-fd47-4859-9877-5944910e26ce HTTP/1.1" 404 Not Found
INFO:     2605:4c40:159:779f:0:e049:5003:1:0 - "GET /status/d7732ab3-fd47-4859-9877-5944910e26ce HTTP/1.1" 404 Not Found
INFO:     2605:4c40:159:779f:0:e049:5003:1:0 - "GET /status/d7732ab3-fd47-4859-9877-5944910e26ce HTTP/1.1" 404 Not Found
INFO:     2605:4c40:159:779f:0:e049:5003:1:0 - "GET /status/d7732ab3-fd47-4859-9877-5944910e26ce HTTP/1.1" 404 Not Found
INFO:     2605:4c40:159:779f:0:e049:5003:1:0 - "GET /status/d7732ab3-fd47-4859-9877-5944910e26ce HTTP/1.1" 404 Not Found
INFO:     2605:4c40:159:779f:0:e049:5003:1:0 - "GET /status/d7732ab3-fd47-4859-9877-5944910e26ce HTTP/1.1" 404 Not Found
INFO:     2605:4c40:159:779f:0:e049:5003:1:0 - "GET /status/d7732ab3-fd47-4859-9877-5944910e26ce HTTP/1.1" 404 Not Found
INFO:     2605:4c40:159:779f:0:e049:5003:1:0 - "GET /status/d7732ab3-fd47-4859-9877-5944910e26ce HTTP/1.1" 404 Not Found
INFO:     2605:4c40:159:779f:0:e049:5003:1:0 - "GET /status/d7732ab3-fd47-4859-9877-5944910e26ce HTTP/1.1" 404 Not Found
INFO:     2605:4c40:159:779f:0:e049:5003:1:0 - "GET /status/d7732ab3-fd47-4859-9877-5944910e26ce HTTP/1.1" 404 Not Found
INFO:     2605:4c40:159:779f:0:e049:5003:1:0 - "GET /status/d7732ab3-fd47-4859-9877-5944910e26ce HTTP/1.1" 404 Not Found
INFO:     2605:4c40:159:779f:0:e049:5003:1:0 - "GET /health HTTP/1.1" 200 OK
INFO:     2605:4c40:159:779f:0:e049:5003:1:0 - "POST /run HTTP/1.1" 200 OK
INFO:     2605:4c40:159:779f:0:e049:5003:1:0 - "GET /status/d8b93bd1-659a-4d8e-ba46-0ae8e9ca9425 HTTP/1.1" 404 Not Found
INFO:     2605:4c40:159:779f:0:e049:5003:1:0 - "GET /jobs/d8b93bd1-659a-4d8e-ba46-0ae8e9ca9425 HTTP/1.1" 404 Not Found
INFO:     2605:4c40:159:779f:0:e049:5003:1:0 - "GET /jobs/d8b93bd1-659a-4d8e-ba46-0ae8e9ca9425/status HTTP/1.1" 404 Not Found
INFO:     2605:4c40:159:779f:0:e049:5003:1:0 - "GET /run/d8b93bd1-659a-4d8e-ba46-0ae8e9ca9425 HTTP/1.1" 404 Not Found
INFO:     2605:4c40:159:779f:0:e049:5003:1:0 - "GET /runs/d8b93bd1-659a-4d8e-ba46-0ae8e9ca9425 HTTP/1.1" 404 Not Found
INFO:     2605:4c40:159:779f:0:e049:5003:1:0 - "GET /runs/d8b93bd1-659a-4d8e-ba46-0ae8e9ca9425/status HTTP/1.1" 404 Not Found
INFO:     2605:4c40:159:779f:0:e049:5003:1:0 - "GET /status?id=d8b93bd1-659a-4d8e-ba46-0ae8e9ca9425 HTTP/1.1" 404 Not Found
INFO:     2605:4c40:159:779f:0:e049:5003:1:0 - "GET /status/d8b93bd1-659a-4d8e-ba46-0ae8e9ca9425 HTTP/1.1" 404 Not Found
INFO:     2605:4c40:159:779f:0:e049:5003:1:0 - "GET /jobs/d8b93bd1-659a-4d8e-ba46-0ae8e9ca9425 HTTP/1.1" 404 Not Found
INFO:     2605:4c40:159:779f:0:e049:5003:1:0 - "GET /jobs/d8b93bd1-659a-4d8e-ba46-0ae8e9ca9425/status HTTP/1.1" 404 Not Found
INFO:     2605:4c40:159:779f:0:e049:5003:1:0 - "GET /run/d8b93bd1-659a-4d8e-ba46-0ae8e9ca9425 HTTP/1.1" 404 Not Found
INFO:     2605:4c40:159:779f:0:e049:5003:1:0 - "GET /runs/d8b93bd1-659a-4d8e-ba46-0ae8e9ca9425 HTTP/1.1" 404 Not Found
INFO:     2605:4c40:159:779f:0:e049:5003:1:0 - "GET /runs/d8b93bd1-659a-4d8e-ba46-0ae8e9ca9425/status HTTP/1.1" 404 Not Found
INFO:     2605:4c40:159:779f:0:e049:5003:1:0 - "GET /status?id=d8b93bd1-659a-4d8e-ba46-0ae8e9ca9425 HTTP/1.1" 404 Not Found
INFO:     2605:4c40:159:779f:0:e049:5003:1:0 - "GET /status/d8b93bd1-659a-4d8e-ba46-0ae8e9ca9425 HTTP/1.1" 404 Not Found
INFO:     2605:4c40:159:779f:0:e049:5003:1:0 - "GET /jobs/d8b93bd1-659a-4d8e-ba46-0ae8e9ca9425 HTTP/1.1" 404 Not Found
INFO:     2605:4c40:159:779f:0:e049:5003:1:0 - "GET /jobs/d8b93bd1-659a-4d8e-ba46-0ae8e9ca9425/status HTTP/1.1" 404 Not Found
INFO:     2605:4c40:159:779f:0:e049:5003:1:0 - "GET /run/d8b93bd1-659a-4d8e-ba46-0ae8e9ca9425 HTTP/1.1" 404 Not Found
INFO:     2605:4c40:159:779f:0:e049:5003:1:0 - "GET /runs/d8b93bd1-659a-4d8e-ba46-0ae8e9ca9425 HTTP/1.1" 404 Not Found
INFO:     2605:4c40:159:779f:0:e049:5003:1:0 - "GET /runs/d8b93bd1-659a-4d8e-ba46-0ae8e9ca9425/status HTTP/1.1" 404 Not Found
INFO:     2605:4c40:159:779f:0:e049:5003:1:0 - "GET /status?id=d8b93bd1-659a-4d8e-ba46-0ae8e9ca9425 HTTP/1.1" 404 Not Found
INFO:     2605:4c40:159:779f:0:e049:5003:1:0 - "GET /status/d8b93bd1-659a-4d8e-ba46-0ae8e9ca9425 HTTP/1.1" 404 Not Found
INFO:     2605:4c40:159:779f:0:e049:5003:1:0 - "GET /jobs/d8b93bd1-659a-4d8e-ba46-0ae8e9ca9425 HTTP/1.1" 404 Not Found
INFO:     2605:4c40:159:779f:0:e049:5003:1:0 - "GET /jobs/d8b93bd1-659a-4d8e-ba46-0ae8e9ca9425/status HTTP/1.1" 404 Not Found
INFO:     2605:4c40:159:779f:0:e049:5003:1:0 - "GET /run/d8b93bd1-659a-4d8e-ba46-0ae8e9ca9425 HTTP/1.1" 404 Not Found
INFO:     2605:4c40:159:779f:0:e049:5003:1:0 - "GET /runs/d8b93bd1-659a-4d8e-ba46-0ae8e9ca9425 HTTP/1.1" 404 Not Found
INFO:     2605:4c40:159:779f:0:e049:5003:1:0 - "GET /runs/d8b93bd1-659a-4d8e-ba46-0ae8e9ca9425/status HTTP/1.1" 404 Not Found
INFO:     2605:4c40:159:779f:0:e049:5003:1:0 - "GET /status?id=d8b93bd1-659a-4d8e-ba46-0ae8e9ca9425 HTTP/1.1" 404 Not Found
INFO:     2605:4c40:159:779f:0:e049:5003:1:0 - "GET /status/d8b93bd1-659a-4d8e-ba46-0ae8e9ca9425 HTTP/1.1" 404 Not Found
INFO:     2605:4c40:159:779f:0:e049:5003:1:0 - "GET /jobs/d8b93bd1-659a-4d8e-ba46-0ae8e9ca9425 HTTP/1.1" 404 Not Found
INFO:     2605:4c40:159:779f:0:e049:5003:1:0 - "GET /jobs/d8b93bd1-659a-4d8e-ba46-0ae8e9ca9425/status HTTP/1.1" 404 Not Found
INFO:     2605:4c40:159:779f:0:e049:5003:1:0 - "GET /run/d8b93bd1-659a-4d8e-ba46-0ae8e9ca9425 HTTP/1.1" 404 Not Found
INFO:     2605:4c40:159:779f:0:e049:5003:1:0 - "GET /runs/d8b93bd1-659a-4d8e-ba46-0ae8e9ca9425 HTTP/1.1" 404 Not Found
INFO:     2605:4c40:159:779f:0:e049:5003:1:0 - "GET /runs/d8b93bd1-659a-4d8e-ba46-0ae8e9ca9425/status HTTP/1.1" 404 Not Found
INFO:     2605:4c40:159:779f:0:e049:5003:1:0 - "GET /status?id=d8b93bd1-659a-4d8e-ba46-0ae8e9ca9425 HTTP/1.1" 404 Not Found
INFO:     2605:4c40:159:779f:0:e049:5003:1:0 - "GET /status/d8b93bd1-659a-4d8e-ba46-0ae8e9ca9425 HTTP/1.1" 404 Not Found
INFO:     2605:4c40:159:779f:0:e049:5003:1:0 - "GET /jobs/d8b93bd1-659a-4d8e-ba46-0ae8e9ca9425 HTTP/1.1" 404 Not Found
INFO:     2605:4c40:159:779f:0:e049:5003:1:0 - "GET /jobs/d8b93bd1-659a-4d8e-ba46-0ae8e9ca9425/status HTTP/1.1" 404 Not Found
INFO:     2605:4c40:159:779f:0:e049:5003:1:0 - "GET /run/d8b93bd1-659a-4d8e-ba46-0ae8e9ca9425 HTTP/1.1" 404 Not Found
INFO:     2605:4c40:159:779f:0:e049:5003:1:0 - "GET /runs/d8b93bd1-659a-4d8e-ba46-0ae8e9ca9425 HTTP/1.1" 404 Not Found
INFO:     2605:4c40:159:779f:0:e049:5003:1:0 - "GET /runs/d8b93bd1-659a-4d8e-ba46-0ae8e9ca9425/status HTTP/1.1" 404 Not Found
INFO:     2605:4c40:159:779f:0:e049:5003:1:0 - "GET /status?id=d8b93bd1-659a-4d8e-ba46-0ae8e9ca9425 HTTP/1.1" 404 Not Found
INFO:     2605:4c40:159:779f:0:e049:5003:1:0 - "GET /status/d8b93bd1-659a-4d8e-ba46-0ae8e9ca9425 HTTP/1.1" 404 Not Found
INFO:     2605:4c40:159:779f:0:e049:5003:1:0 - "GET /jobs/d8b93bd1-659a-4d8e-ba46-0ae8e9ca9425 HTTP/1.1" 404 Not Found
INFO:     2605:4c40:159:779f:0:e049:5003:1:0 - "GET /jobs/d8b93bd1-659a-4d8e-ba46-0ae8e9ca9425/status HTTP/1.1" 404 Not Found
INFO:     2605:4c40:159:779f:0:e049:5003:1:0 - "GET /run/d8b93bd1-659a-4d8e-ba46-0ae8e9ca9425 HTTP/1.1" 404 Not Found
INFO:     2605:4c40:159:779f:0:e049:5003:1:0 - "GET /runs/d8b93bd1-659a-4d8e-ba46-0ae8e9ca9425 HTTP/1.1" 404 Not Found
INFO:     2605:4c40:159:779f:0:e049:5003:1:0 - "GET /runs/d8b93bd1-659a-4d8e-ba46-0ae8e9ca9425/status HTTP/1.1" 404 Not Found
INFO:     2605:4c40:159:779f:0:e049:5003:1:0 - "GET /status?id=d8b93bd1-659a-4d8e-ba46-0ae8e9ca9425 HTTP/1.1" 404 Not Found
INFO:     2605:4c40:159:779f:0:e049:5003:1:0 - "GET /status/d8b93bd1-659a-4d8e-ba46-0ae8e9ca9425 HTTP/1.1" 404 Not Found
INFO:     2605:4c40:159:779f:0:e049:5003:1:0 - "GET /jobs/d8b93bd1-659a-4d8e-ba46-0ae8e9ca9425 HTTP/1.1" 404 Not Found
INFO:     2605:4c40:159:779f:0:e049:5003:1:0 - "GET /jobs/d8b93bd1-659a-4d8e-ba46-0ae8e9ca9425/status HTTP/1.1" 404 Not Found
INFO:     2605:4c40:159:779f:0:e049:5003:1:0 - "GET /run/d8b93bd1-659a-4d8e-ba46-0ae8e9ca9425 HTTP/1.1" 404 Not Found
INFO:     2605:4c40:159:779f:0:e049:5003:1:0 - "GET /runs/d8b93bd1-659a-4d8e-ba46-0ae8e9ca9425 HTTP/1.1" 404 Not Found
INFO:     2605:4c40:159:779f:0:e049:5003:1:0 - "GET /runs/d8b93bd1-659a-4d8e-ba46-0ae8e9ca9425/status HTTP/1.1" 404 Not Found
INFO:     2605:4c40:159:779f:0:e049:5003:1:0 - "GET /status?id=d8b93bd1-659a-4d8e-ba46-0ae8e9ca9425 HTTP/1.1" 404 Not Found
INFO:     2605:4c40:159:779f:0:e049:5003:1:0 - "GET /status/d8b93bd1-659a-4d8e-ba46-0ae8e9ca9425 HTTP/1.1" 404 Not Found
INFO:     2605:4c40:159:779f:0:e049:5003:1:0 - "GET /jobs/d8b93bd1-659a-4d8e-ba46-0ae8e9ca9425 HTTP/1.1" 404 Not Found
INFO:     2605:4c40:159:779f:0:e049:5003:1:0 - "GET /jobs/d8b93bd1-659a-4d8e-ba46-0ae8e9ca9425/status HTTP/1.1" 404 Not Found
INFO:     2605:4c40:159:779f:0:e049:5003:1:0 - "GET /run/d8b93bd1-659a-4d8e-ba46-0ae8e9ca9425 HTTP/1.1" 404 Not Found
INFO:     2605:4c40:159:779f:0:e049:5003:1:0 - "GET /runs/d8b93bd1-659a-4d8e-ba46-0ae8e9ca9425 HTTP/1.1" 404 Not Found
INFO:     2605:4c40:159:779f:0:e049:5003:1:0 - "GET /runs/d8b93bd1-659a-4d8e-ba46-0ae8e9ca9425/status HTTP/1.1" 404 Not Found
INFO:     2605:4c40:159:779f:0:e049:5003:1:0 - "GET /status?id=d8b93bd1-659a-4d8e-ba46-0ae8e9ca9425 HTTP/1.1" 404 Not Found
INFO:     2605:4c40:159:779f:0:e049:5003:1:0 - "GET /status/d8b93bd1-659a-4d8e-ba46-0ae8e9ca9425 HTTP/1.1" 404 Not Found
INFO:     2605:4c40:159:779f:0:e049:5003:1:0 - "GET /jobs/d8b93bd1-659a-4d8e-ba46-0ae8e9ca9425 HTTP/1.1" 404 Not Found
INFO:     2605:4c40:159:779f:0:e049:5003:1:0 - "GET /jobs/d8b93bd1-659a-4d8e-ba46-0ae8e9ca9425/status HTTP/1.1" 404 Not Found
INFO:     2605:4c40:159:779f:0:e049:5003:1:0 - "GET /run/d8b93bd1-659a-4d8e-ba46-0ae8e9ca9425 HTTP/1.1" 404 Not Found
INFO:     2605:4c40:159:779f:0:e049:5003:1:0 - "GET /runs/d8b93bd1-659a-4d8e-ba46-0ae8e9ca9425 HTTP/1.1" 404 Not Found
INFO:     2605:4c40:159:779f:0:e049:5003:1:0 - "GET /runs/d8b93bd1-659a-4d8e-ba46-0ae8e9ca9425/status HTTP/1.1" 404 Not Found
INFO:     2605:4c40:159:779f:0:e049:5003:1:0 - "GET /status?id=d8b93bd1-659a-4d8e-ba46-0ae8e9ca9425 HTTP/1.1" 404 Not Found
INFO:     2605:4c40:159:779f:0:e049:5003:1:0 - "GET /status/d8b93bd1-659a-4d8e-ba46-0ae8e9ca9425 HTTP/1.1" 404 Not Found
INFO:     2605:4c40:159:779f:0:e049:5003:1:0 - "GET /jobs/d8b93bd1-659a-4d8e-ba46-0ae8e9ca9425 HTTP/1.1" 404 Not Found
INFO:     2605:4c40:159:779f:0:e049:5003:1:0 - "GET /jobs/d8b93bd1-659a-4d8e-ba46-0ae8e9ca9425/status HTTP/1.1" 404 Not Found
INFO:     2605:4c40:159:779f:0:e049:5003:1:0 - "GET /run/d8b93bd1-659a-4d8e-ba46-0ae8e9ca9425 HTTP/1.1" 404 Not Found
INFO:     2605:4c40:159:779f:0:e049:5003:1:0 - "GET /runs/d8b93bd1-659a-4d8e-ba46-0ae8e9ca9425 HTTP/1.1" 404 Not Found
INFO:     2605:4c40:159:779f:0:e049:5003:1:0 - "GET /runs/d8b93bd1-659a-4d8e-ba46-0ae8e9ca9425/status HTTP/1.1" 404 Not Found
INFO:     2605:4c40:159:779f:0:e049:5003:1:0 - "GET /status?id=d8b93bd1-659a-4d8e-ba46-0ae8e9ca9425 HTTP/1.1" 404 Not Found
INFO:     2605:4c40:159:779f:0:e049:5003:1:0 - "GET /status/d8b93bd1-659a-4d8e-ba46-0ae8e9ca9425 HTTP/1.1" 404 Not Found
INFO:     2605:4c40:159:779f:0:e049:5003:1:0 - "GET /jobs/d8b93bd1-659a-4d8e-ba46-0ae8e9ca9425 HTTP/1.1" 404 Not Found
INFO:     2605:4c40:159:779f:0:e049:5003:1:0 - "GET /jobs/d8b93bd1-659a-4d8e-ba46-0ae8e9ca9425/status HTTP/1.1" 404 Not Found
INFO:     2605:4c40:159:779f:0:e049:5003:1:0 - "GET /run/d8b93bd1-659a-4d8e-ba46-0ae8e9ca9425 HTTP/1.1" 404 Not Found
INFO:     2605:4c40:159:779f:0:e049:5003:1:0 - "GET /runs/d8b93bd1-659a-4d8e-ba46-0ae8e9ca9425 HTTP/1.1" 404 Not Found
INFO:     2605:4c40:159:779f:0:e049:5003:1:0 - "GET /runs/d8b93bd1-659a-4d8e-ba46-0ae8e9ca9425/status HTTP/1.1" 404 Not Found
INFO:     2605:4c40:159:779f:0:e049:5003:1:0 - "GET /status?id=d8b93bd1-659a-4d8e-ba46-0ae8e9ca9425 HTTP/1.1" 404 Not Found
INFO:     2605:4c40:159:779f:0:e049:5003:1:0 - "GET /status/d8b93bd1-659a-4d8e-ba46-0ae8e9ca9425 HTTP/1.1" 404 Not Found
INFO:     2605:4c40:159:779f:0:e049:5003:1:0 - "GET /jobs/d8b93bd1-659a-4d8e-ba46-0ae8e9ca9425 HTTP/1.1" 404 Not Found
INFO:     2605:4c40:159:779f:0:e049:5003:1:0 - "GET /jobs/d8b93bd1-659a-4d8e-ba46-0ae8e9ca9425/status HTTP/1.1" 404 Not Found
INFO:     2605:4c40:159:779f:0:e049:5003:1:0 - "GET /run/d8b93bd1-659a-4d8e-ba46-0ae8e9ca9425 HTTP/1.1" 404 Not Found
INFO:     2605:4c40:159:779f:0:e049:5003:1:0 - "GET /runs/d8b93bd1-659a-4d8e-ba46-0ae8e9ca9425 HTTP/1.1" 404 Not Found
INFO:     2605:4c40:159:779f:0:e049:5003:1:0 - "GET /runs/d8b93bd1-659a-4d8e-ba46-0ae8e9ca9425/status HTTP/1.1" 404 Not Found
INFO:     2605:4c40:159:779f:0:e049:5003:1:0 - "GET /status?id=d8b93bd1-659a-4d8e-ba46-0ae8e9ca9425 HTTP/1.1" 404 Not Found
INFO:     2605:4c40:159:779f:0:e049:5003:1:0 - "GET /status/d8b93bd1-659a-4d8e-ba46-0ae8e9ca9425 HTTP/1.1" 404 Not Found
INFO:     2605:4c40:159:779f:0:e049:5003:1:0 - "GET /jobs/d8b93bd1-659a-4d8e-ba46-0ae8e9ca9425 HTTP/1.1" 404 Not Found
INFO:     2605:4c40:159:779f:0:e049:5003:1:0 - "GET /jobs/d8b93bd1-659a-4d8e-ba46-0ae8e9ca9425/status HTTP/1.1" 404 Not Found
INFO:     2605:4c40:159:779f:0:e049:5003:1:0 - "GET /run/d8b93bd1-659a-4d8e-ba46-0ae8e9ca9425 HTTP/1.1" 404 Not Found
INFO:     2605:4c40:159:779f:0:e049:5003:1:0 - "GET /runs/d8b93bd1-659a-4d8e-ba46-0ae8e9ca9425 HTTP/1.1" 404 Not Found
INFO:     2605:4c40:159:779f:0:e049:5003:1:0 - "GET /runs/d8b93bd1-659a-4d8e-ba46-0ae8e9ca9425/status HTTP/1.1" 404 Not Found
INFO:     2605:4c40:159:779f:0:e049:5003:1:0 - "GET /status?id=d8b93bd1-659a-4d8e-ba46-0ae8e9ca9425 HTTP/1.1" 404 Not Found
INFO:     2605:4c40:159:779f:0:e049:5003:1:0 - "GET /status/d8b93bd1-659a-4d8e-ba46-0ae8e9ca9425 HTTP/1.1" 404 Not Found
INFO:     2605:4c40:159:779f:0:e049:5003:1:0 - "GET /jobs/d8b93bd1-659a-4d8e-ba46-0ae8e9ca9425 HTTP/1.1" 404 Not Found
INFO:     2605:4c40:159:779f:0:e049:5003:1:0 - "GET /jobs/d8b93bd1-659a-4d8e-ba46-0ae8e9ca9425/status HTTP/1.1" 404 Not Found
INFO:     2605:4c40:159:779f:0:e049:5003:1:0 - "GET /run/d8b93bd1-659a-4d8e-ba46-0ae8e9ca9425 HTTP/1.1" 404 Not Found
INFO:     2605:4c40:159:779f:0:e049:5003:1:0 - "GET /runs/d8b93bd1-659a-4d8e-ba46-0ae8e9ca9425 HTTP/1.1" 404 Not Found
INFO:     2605:4c40:159:779f:0:e049:5003:1:0 - "GET /runs/d8b93bd1-659a-4d8e-ba46-0ae8e9ca9425/status HTTP/1.1" 404 Not Found
INFO:     2605:4c40:159:779f:0:e049:5003:1:0 - "GET /status?id=d8b93bd1-659a-4d8e-ba46-0ae8e9ca9425 HTTP/1.1" 404 Not Found
INFO:     2605:4c40:159:779f:0:e049:5003:1:0 - "GET /status/d8b93bd1-659a-4d8e-ba46-0ae8e9ca9425 HTTP/1.1" 404 Not Found
INFO:     2605:4c40:159:779f:0:e049:5003:1:0 - "GET /jobs/d8b93bd1-659a-4d8e-ba46-0ae8e9ca9425 HTTP/1.1" 404 Not Found
INFO:     2605:4c40:159:779f:0:e049:5003:1:0 - "GET /jobs/d8b93bd1-659a-4d8e-ba46-0ae8e9ca9425/status HTTP/1.1" 404 Not Found
INFO:     2605:4c40:159:779f:0:e049:5003:1:0 - "GET /run/d8b93bd1-659a-4d8e-ba46-0ae8e9ca9425 HTTP/1.1" 404 Not Found
INFO:     2605:4c40:159:779f:0:e049:5003:1:0 - "GET /runs/d8b93bd1-659a-4d8e-ba46-0ae8e9ca9425 HTTP/1.1" 404 Not Found
INFO:     2605:4c40:159:779f:0:e049:5003:1:0 - "GET /runs/d8b93bd1-659a-4d8e-ba46-0ae8e9ca9425/status HTTP/1.1" 404 Not Found
INFO:     2605:4c40:159:779f:0:e049:5003:1:0 - "GET /status?id=d8b93bd1-659a-4d8e-ba46-0ae8e9ca9425 HTTP/1.1" 404 Not Found
INFO:     2605:4c40:159:779f:0:e049:5003:1:0 - "GET /status/d8b93bd1-659a-4d8e-ba46-0ae8e9ca9425 HTTP/1.1" 404 Not Found
INFO:     2605:4c40:159:779f:0:e049:5003:1:0 - "GET /jobs/d8b93bd1-659a-4d8e-ba46-0ae8e9ca9425 HTTP/1.1" 404 Not Found
INFO:     2605:4c40:159:779f:0:e049:5003:1:0 - "GET /jobs/d8b93bd1-659a-4d8e-ba46-0ae8e9ca9425/status HTTP/1.1" 404 Not Found
INFO:     2605:4c40:159:779f:0:e049:5003:1:0 - "GET /run/d8b93bd1-659a-4d8e-ba46-0ae8e9ca9425 HTTP/1.1" 404 Not Found
INFO:     2605:4c40:159:779f:0:e049:5003:1:0 - "GET /runs/d8b93bd1-659a-4d8e-ba46-0ae8e9ca9425 HTTP/1.1" 404 Not Found
INFO:     2605:4c40:159:779f:0:e049:5003:1:0 - "GET /runs/d8b93bd1-659a-4d8e-ba46-0ae8e9ca9425/status HTTP/1.1" 404 Not Found
INFO:     2605:4c40:159:779f:0:e049:5003:1:0 - "GET /status?id=d8b93bd1-659a-4d8e-ba46-0ae8e9ca9425 HTTP/1.1" 404 Not Found
INFO:     2605:4c40:159:779f:0:e049:5003:1:0 - "GET /status/d8b93bd1-659a-4d8e-ba46-0ae8e9ca9425 HTTP/1.1" 404 Not Found
INFO:     2605:4c40:159:779f:0:e049:5003:1:0 - "GET /jobs/d8b93bd1-659a-4d8e-ba46-0ae8e9ca9425 HTTP/1.1" 404 Not Found
INFO:     2605:4c40:159:779f:0:e049:5003:1:0 - "GET /jobs/d8b93bd1-659a-4d8e-ba46-0ae8e9ca9425/status HTTP/1.1" 404 Not Found
INFO:     2605:4c40:159:779f:0:e049:5003:1:0 - "GET /run/d8b93bd1-659a-4d8e-ba46-0ae8e9ca9425 HTTP/1.1" 404 Not Found
INFO:     2605:4c40:159:779f:0:e049:5003:1:0 - "GET /runs/d8b93bd1-659a-4d8e-ba46-0ae8e9ca9425 HTTP/1.1" 404 Not Found
INFO:     2605:4c40:159:779f:0:e049:5003:1:0 - "GET /runs/d8b93bd1-659a-4d8e-ba46-0ae8e9ca9425/status HTTP/1.1" 404 Not Found
INFO:     2605:4c40:159:779f:0:e049:5003:1:0 - "GET /status?id=d8b93bd1-659a-4d8e-ba46-0ae8e9ca9425 HTTP/1.1" 404 Not Found
INFO:     2605:4c40:159:779f:0:e049:5003:1:0 - "GET /status/d8b93bd1-659a-4d8e-ba46-0ae8e9ca9425 HTTP/1.1" 404 Not Found
INFO:     2605:4c40:159:779f:0:e049:5003:1:0 - "GET /jobs/d8b93bd1-659a-4d8e-ba46-0ae8e9ca9425 HTTP/1.1" 404 Not Found
INFO:     2605:4c40:159:779f:0:e049:5003:1:0 - "GET /jobs/d8b93bd1-659a-4d8e-ba46-0ae8e9ca9425/status HTTP/1.1" 404 Not Found
INFO:     2605:4c40:159:779f:0:e049:5003:1:0 - "GET /run/d8b93bd1-659a-4d8e-ba46-0ae8e9ca9425 HTTP/1.1" 404 Not Found
INFO:     2605:4c40:159:779f:0:e049:5003:1:0 - "GET /runs/d8b93bd1-659a-4d8e-ba46-0ae8e9ca9425 HTTP/1.1" 404 Not Found
INFO:     2605:4c40:159:779f:0:e049:5003:1:0 - "GET /runs/d8b93bd1-659a-4d8e-ba46-0ae8e9ca9425/status HTTP/1.1" 404 Not Found
INFO:     2605:4c40:159:779f:0:e049:5003:1:0 - "GET /status?id=d8b93bd1-659a-4d8e-ba46-0ae8e9ca9425 HTTP/1.1" 404 Not Found
INFO:     2605:4c40:159:779f:0:e049:5003:1:0 - "GET /status/d8b93bd1-659a-4d8e-ba46-0ae8e9ca9425 HTTP/1.1" 404 Not Found
INFO:     2605:4c40:159:779f:0:e049:5003:1:0 - "GET /jobs/d8b93bd1-659a-4d8e-ba46-0ae8e9ca9425 HTTP/1.1" 404 Not Found
INFO:     2605:4c40:159:779f:0:e049:5003:1:0 - "GET /jobs/d8b93bd1-659a-4d8e-ba46-0ae8e9ca9425/status HTTP/1.1" 404 Not Found
INFO:     2605:4c40:159:779f:0:e049:5003:1:0 - "GET /run/d8b93bd1-659a-4d8e-ba46-0ae8e9ca9425 HTTP/1.1" 404 Not Found
INFO:     2605:4c40:159:779f:0:e049:5003:1:0 - "GET /runs/d8b93bd1-659a-4d8e-ba46-0ae8e9ca9425 HTTP/1.1" 404 Not Found
INFO:     2605:4c40:159:779f:0:e049:5003:1:0 - "GET /runs/d8b93bd1-659a-4d8e-ba46-0ae8e9ca9425/status HTTP/1.1" 404 Not Found
INFO:     2605:4c40:159:779f:0:e049:5003:1:0 - "GET /status?id=d8b93bd1-659a-4d8e-ba46-0ae8e9ca9425 HTTP/1.1" 404 Not Found
INFO:     2605:4c40:159:779f:0:e049:5003:1:0 - "GET /status/d8b93bd1-659a-4d8e-ba46-0ae8e9ca9425 HTTP/1.1" 404 Not Found
INFO:     2605:4c40:159:779f:0:e049:5003:1:0 - "GET /jobs/d8b93bd1-659a-4d8e-ba46-0ae8e9ca9425 HTTP/1.1" 404 Not Found
INFO:     2605:4c40:159:779f:0:e049:5003:1:0 - "GET /jobs/d8b93bd1-659a-4d8e-ba46-0ae8e9ca9425/status HTTP/1.1" 404 Not Found
INFO:     2605:4c40:159:779f:0:e049:5003:1:0 - "GET /run/d8b93bd1-659a-4d8e-ba46-0ae8e9ca9425 HTTP/1.1" 404 Not Found
INFO:     2605:4c40:159:779f:0:e049:5003:1:0 - "GET /runs/d8b93bd1-659a-4d8e-ba46-0ae8e9ca9425 HTTP/1.1" 404 Not Found
INFO:     2605:4c40:159:779f:0:e049:5003:1:0 - "GET /runs/d8b93bd1-659a-4d8e-ba46-0ae8e9ca9425/status HTTP/1.1" 404 Not Found
INFO:     2605:4c40:159:779f:0:e049:5003:1:0 - "GET /status?id=d8b93bd1-659a-4d8e-ba46-0ae8e9ca9425 HTTP/1.1" 404 Not Found
INFO:     2605:4c40:159:779f:0:e049:5003:1:0 - "GET /status/d8b93bd1-659a-4d8e-ba46-0ae8e9ca9425 HTTP/1.1" 404 Not Found
INFO:     2605:4c40:159:779f:0:e049:5003:1:0 - "GET /jobs/d8b93bd1-659a-4d8e-ba46-0ae8e9ca9425 HTTP/1.1" 404 Not Found
INFO:     2605:4c40:159:779f:0:e049:5003:1:0 - "GET /jobs/d8b93bd1-659a-4d8e-ba46-0ae8e9ca9425/status HTTP/1.1" 404 Not Found
INFO:     2605:4c40:159:779f:0:e049:5003:1:0 - "GET /run/d8b93bd1-659a-4d8e-ba46-0ae8e9ca9425 HTTP/1.1" 404 Not Found
INFO:     2605:4c40:159:779f:0:e049:5003:1:0 - "GET /runs/d8b93bd1-659a-4d8e-ba46-0ae8e9ca9425 HTTP/1.1" 404 Not Found
INFO:     2605:4c40:159:779f:0:e049:5003:1:0 - "GET /runs/d8b93bd1-659a-4d8e-ba46-0ae8e9ca9425/status HTTP/1.1" 404 Not Found
INFO:     2605:4c40:159:779f:0:e049:5003:1:0 - "GET /status?id=d8b93bd1-659a-4d8e-ba46-0ae8e9ca9425 HTTP/1.1" 404 Not Found
INFO:     2605:4c40:159:779f:0:e049:5003:1:0 - "GET /status/d8b93bd1-659a-4d8e-ba46-0ae8e9ca9425 HTTP/1.1" 404 Not Found
INFO:     2605:4c40:159:779f:0:e049:5003:1:0 - "GET /jobs/d8b93bd1-659a-4d8e-ba46-0ae8e9ca9425 HTTP/1.1" 404 Not Found
INFO:     2605:4c40:159:779f:0:e049:5003:1:0 - "GET /jobs/d8b93bd1-659a-4d8e-ba46-0ae8e9ca9425/status HTTP/1.1" 404 Not Found
INFO:     2605:4c40:159:779f:0:e049:5003:1:0 - "GET /run/d8b93bd1-659a-4d8e-ba46-0ae8e9ca9425 HTTP/1.1" 404 Not Found
INFO:     2605:4c40:159:779f:0:e049:5003:1:0 - "GET /runs/d8b93bd1-659a-4d8e-ba46-0ae8e9ca9425 HTTP/1.1" 404 Not Found
INFO:     2605:4c40:159:779f:0:e049:5003:1:0 - "GET /runs/d8b93bd1-659a-4d8e-ba46-0ae8e9ca9425/status HTTP/1.1" 404 Not Found
INFO:     2605:4c40:159:779f:0:e049:5003:1:0 - "GET /status?id=d8b93bd1-659a-4d8e-ba46-0ae8e9ca9425 HTTP/1.1" 404 Not Found
INFO:     2605:4c40:159:779f:0:e049:5003:1:0 - "GET /status/d8b93bd1-659a-4d8e-ba46-0ae8e9ca9425 HTTP/1.1" 404 Not Found
INFO:     2605:4c40:159:779f:0:e049:5003:1:0 - "GET /jobs/d8b93bd1-659a-4d8e-ba46-0ae8e9ca9425 HTTP/1.1" 404 Not Found
INFO:     2605:4c40:159:779f:0:e049:5003:1:0 - "GET /jobs/d8b93bd1-659a-4d8e-ba46-0ae8e9ca9425/status HTTP/1.1" 404 Not Found
INFO:     2605:4c40:159:779f:0:e049:5003:1:0 - "GET /run/d8b93bd1-659a-4d8e-ba46-0ae8e9ca9425 HTTP/1.1" 404 Not Found
INFO:     2605:4c40:159:779f:0:e049:5003:1:0 - "GET /runs/d8b93bd1-659a-4d8e-ba46-0ae8e9ca9425 HTTP/1.1" 404 Not Found
INFO:     2605:4c40:159:779f:0:e049:5003:1:0 - "GET /runs/d8b93bd1-659a-4d8e-ba46-0ae8e9ca9425/status HTTP/1.1" 404 Not Found
INFO:     2605:4c40:159:779f:0:e049:5003:1:0 - "GET /status?id=d8b93bd1-659a-4d8e-ba46-0ae8e9ca9425 HTTP/1.1" 404 Not Found
INFO:     2605:4c40:159:779f:0:e049:5003:1:0 - "GET /status/d8b93bd1-659a-4d8e-ba46-0ae8e9ca9425 HTTP/1.1" 404 Not Found
INFO:     2605:4c40:159:779f:0:e049:5003:1:0 - "GET /jobs/d8b93bd1-659a-4d8e-ba46-0ae8e9ca9425 HTTP/1.1" 404 Not Found
INFO:     2605:4c40:159:779f:0:e049:5003:1:0 - "GET /jobs/d8b93bd1-659a-4d8e-ba46-0ae8e9ca9425/status HTTP/1.1" 404 Not Found
INFO:     2605:4c40:159:779f:0:e049:5003:1:0 - "GET /run/d8b93bd1-659a-4d8e-ba46-0ae8e9ca9425 HTTP/1.1" 404 Not Found
INFO:     2605:4c40:159:779f:0:e049:5003:1:0 - "GET /runs/d8b93bd1-659a-4d8e-ba46-0ae8e9ca9425 HTTP/1.1" 404 Not Found
INFO:     2605:4c40:159:779f:0:e049:5003:1:0 - "GET /runs/d8b93bd1-659a-4d8e-ba46-0ae8e9ca9425/status HTTP/1.1" 404 Not Found
INFO:     2605:4c40:159:779f:0:e049:5003:1:0 - "GET /status?id=d8b93bd1-659a-4d8e-ba46-0ae8e9ca9425 HTTP/1.1" 404 Not Found
INFO:     2605:4c40:159:779f:0:e049:5003:1:0 - "GET /status/d8b93bd1-659a-4d8e-ba46-0ae8e9ca9425 HTTP/1.1" 404 Not Found
INFO:     2605:4c40:159:779f:0:e049:5003:1:0 - "GET /jobs/d8b93bd1-659a-4d8e-ba46-0ae8e9ca9425 HTTP/1.1" 404 Not Found
INFO:     2605:4c40:159:779f:0:e049:5003:1:0 - "GET /jobs/d8b93bd1-659a-4d8e-ba46-0ae8e9ca9425/status HTTP/1.1" 404 Not Found
INFO:     2605:4c40:159:779f:0:e049:5003:1:0 - "GET /run/d8b93bd1-659a-4d8e-ba46-0ae8e9ca9425 HTTP/1.1" 404 Not Found
INFO:     2605:4c40:159:779f:0:e049:5003:1:0 - "GET /runs/d8b93bd1-659a-4d8e-ba46-0ae8e9ca9425 HTTP/1.1" 404 Not Found
INFO:     2605:4c40:159:779f:0:e049:5003:1:0 - "GET /runs/d8b93bd1-659a-4d8e-ba46-0ae8e9ca9425/status HTTP/1.1" 404 Not Found
INFO:     2605:4c40:159:779f:0:e049:5003:1:0 - "GET /status?id=d8b93bd1-659a-4d8e-ba46-0ae8e9ca9425 HTTP/1.1" 404 Not Found
INFO:     2605:4c40:159:779f:0:e049:5003:1:0 - "GET /status/d8b93bd1-659a-4d8e-ba46-0ae8e9ca9425 HTTP/1.1" 404 Not Found
INFO:     2605:4c40:159:779f:0:e049:5003:1:0 - "GET /jobs/d8b93bd1-659a-4d8e-ba46-0ae8e9ca9425 HTTP/1.1" 404 Not Found
INFO:     2605:4c40:159:779f:0:e049:5003:1:0 - "GET /jobs/d8b93bd1-659a-4d8e-ba46-0ae8e9ca9425/status HTTP/1.1" 404 Not Found
INFO:     2605:4c40:159:779f:0:e049:5003:1:0 - "GET /run/d8b93bd1-659a-4d8e-ba46-0ae8e9ca9425 HTTP/1.1" 404 Not Found
INFO:     2605:4c40:159:779f:0:e049:5003:1:0 - "GET /runs/d8b93bd1-659a-4d8e-ba46-0ae8e9ca9425 HTTP/1.1" 404 Not Found
INFO:     2605:4c40:159:779f:0:e049:5003:1:0 - "GET /runs/d8b93bd1-659a-4d8e-ba46-0ae8e9ca9425/status HTTP/1.1" 404 Not Found
INFO:     2605:4c40:159:779f:0:e049:5003:1:0 - "GET /status?id=d8b93bd1-659a-4d8e-ba46-0ae8e9ca9425 HTTP/1.1" 404 Not Found
INFO:     2605:4c40:159:779f:0:e049:5003:1:0 - "GET /status/d8b93bd1-659a-4d8e-ba46-0ae8e9ca9425 HTTP/1.1" 404 Not Found
INFO:     2605:4c40:159:779f:0:e049:5003:1:0 - "GET /jobs/d8b93bd1-659a-4d8e-ba46-0ae8e9ca9425 HTTP/1.1" 404 Not Found
INFO:     2605:4c40:159:779f:0:e049:5003:1:0 - "GET /jobs/d8b93bd1-659a-4d8e-ba46-0ae8e9ca9425/status HTTP/1.1" 404 Not Found
INFO:     2605:4c40:159:779f:0:e049:5003:1:0 - "GET /run/d8b93bd1-659a-4d8e-ba46-0ae8e9ca9425 HTTP/1.1" 404 Not Found
INFO:     2605:4c40:159:779f:0:e049:5003:1:0 - "GET /runs/d8b93bd1-659a-4d8e-ba46-0ae8e9ca9425 HTTP/1.1" 404 Not Found
INFO:     2605:4c40:159:779f:0:e049:5003:1:0 - "GET /runs/d8b93bd1-659a-4d8e-ba46-0ae8e9ca9425/status HTTP/1.1" 404 Not Found
INFO:     2605:4c40:159:779f:0:e049:5003:1:0 - "GET /status?id=d8b93bd1-659a-4d8e-ba46-0ae8e9ca9425 HTTP/1.1" 404 Not Found
INFO:     2605:4c40:159:779f:0:e049:5003:1:0 - "GET /status/d8b93bd1-659a-4d8e-ba46-0ae8e9ca9425 HTTP/1.1" 404 Not Found
INFO:     2605:4c40:159:779f:0:e049:5003:1:0 - "GET /jobs/d8b93bd1-659a-4d8e-ba46-0ae8e9ca9425 HTTP/1.1" 404 Not Found
INFO:     2605:4c40:159:779f:0:e049:5003:1:0 - "GET /jobs/d8b93bd1-659a-4d8e-ba46-0ae8e9ca9425/status HTTP/1.1" 404 Not Found
INFO:     2605:4c40:159:779f:0:e049:5003:1:0 - "GET /run/d8b93bd1-659a-4d8e-ba46-0ae8e9ca9425 HTTP/1.1" 404 Not Found
INFO:     2605:4c40:159:779f:0:e049:5003:1:0 - "GET /runs/d8b93bd1-659a-4d8e-ba46-0ae8e9ca9425 HTTP/1.1" 404 Not Found
INFO:     2605:4c40:159:779f:0:e049:5003:1:0 - "GET /runs/d8b93bd1-659a-4d8e-ba46-0ae8e9ca9425/status HTTP/1.1" 404 Not Found
INFO:     2605:4c40:159:779f:0:e049:5003:1:0 - "GET /status?id=d8b93bd1-659a-4d8e-ba46-0ae8e9ca9425 HTTP/1.1" 404 Not Found
INFO:     2605:4c40:159:779f:0:e049:5003:1:0 - "GET /status/d8b93bd1-659a-4d8e-ba46-0ae8e9ca9425 HTTP/1.1" 404 Not Found
INFO:     2605:4c40:159:779f:0:e049:5003:1:0 - "GET /jobs/d8b93bd1-659a-4d8e-ba46-0ae8e9ca9425 HTTP/1.1" 404 Not Found
INFO:     2605:4c40:159:779f:0:e049:5003:1:0 - "GET /jobs/d8b93bd1-659a-4d8e-ba46-0ae8e9ca9425/status HTTP/1.1" 404 Not Found
INFO:     2605:4c40:159:779f:0:e049:5003:1:0 - "GET /run/d8b93bd1-659a-4d8e-ba46-0ae8e9ca9425 HTTP/1.1" 404 Not Found
INFO:     2605:4c40:159:779f:0:e049:5003:1:0 - "GET /runs/d8b93bd1-659a-4d8e-ba46-0ae8e9ca9425 HTTP/1.1" 404 Not Found
INFO:     2605:4c40:159:779f:0:e049:5003:1:0 - "GET /runs/d8b93bd1-659a-4d8e-ba46-0ae8e9ca9425/status HTTP/1.1" 404 Not Found
INFO:     2605:4c40:159:779f:0:e049:5003:1:0 - "GET /status?id=d8b93bd1-659a-4d8e-ba46-0ae8e9ca9425 HTTP/1.1" 404 Not Found
INFO:     2605:4c40:159:779f:0:e049:5003:1:0 - "GET /health HTTP/1.1" 200 OK
INFO:     2605:4c40:159:779f:0:e049:5003:1:0 - "POST /run HTTP/1.1" 200 OK
INFO:     2605:4c40:159:779f:0:e049:5003:1:0 - "GET /health HTTP/1.1" 200 OK
INFO:     2605:4c40:159:779f:0:e049:5003:1:0 - "POST /run HTTP/1.1" 200 OK
INFO:     2605:4c40:159:779f:0:e049:5003:1:0 - "GET /health HTTP/1.1" 200 OK
INFO:     2605:4c40:159:779f:0:e049:5003:1:0 - "POST /run HTTP/1.1" 200 OK
INFO:     2605:4c40:159:779f:0:e049:5003:1:0 - "GET /health HTTP/1.1" 200 OK
INFO:     2605:4c40:159:779f:0:e049:5003:1:0 - "POST /run HTTP/1.1" 200 OK
INFO:     2605:4c40:159:779f:0:e049:5003:1:0 - "GET /health HTTP/1.1" 200 OK
INFO:     2605:4c40:159:779f:0:e049:5003:1:0 - "POST /run HTTP/1.1" 200 OK
INFO:     2605:4c40:159:779f:0:e049:5003:1:0 - "GET /health HTTP/1.1" 200 OK
INFO:     2605:4c40:159:779f:0:e049:5003:1:0 - "POST /run HTTP/1.1" 200 OK
INFO:     2605:4c40:159:779f:0:e049:5003:1:0 - "GET /health HTTP/1.1" 200 OK
INFO:     2605:4c40:159:779f:0:e049:5003:1:0 - "POST /run HTTP/1.1" 200 OK
INFO:     2605:4c40:159:779f:0:e049:5003:1:0 - "GET /health HTTP/1.1" 200 OK
INFO:     2605:4c40:159:779f:0:e049:5003:1:0 - "POST /run HTTP/1.1" 500 Internal Server Error
INFO:     2605:4c40:159:779f:0:e049:5003:1:0 - "GET /health HTTP/1.1" 200 OK
INFO:     2605:4c40:159:779f:0:e049:5003:1:0 - "POST /run HTTP/1.1" 500 Internal Server Error
INFO:     2605:4c40:159:779f:0:e049:5003:1:0 - "GET /health HTTP/1.1" 200 OK
INFO:     2605:4c40:159:779f:0:e049:5003:1:0 - "POST /run HTTP/1.1" 500 Internal Server Error
INFO:     2605:4c40:159:779f:0:e049:5003:1:0 - "GET /health HTTP/1.1" 200 OK
INFO:     2605:4c40:159:779f:0:e049:5003:1:0 - "POST /run HTTP/1.1" 500 Internal Server Error
INFO:     2605:4c40:159:779f:0:e049:5003:1:0 - "GET /health HTTP/1.1" 200 OK
INFO:     2605:4c40:159:779f:0:e049:5003:1:0 - "POST /run HTTP/1.1" 200 OK
INFO:     2605:4c40:159:779f:0:e049:5003:1:0 - "GET /artifact/f3c82714-dbe4-4e44-8635-5f7cb58e5d1a HTTP/1.1" 404 Not Found
INFO:     2605:4c40:159:779f:0:e049:5003:1:0 - "GET /artifacts/f3c82714-dbe4-4e44-8635-5f7cb58e5d1a HTTP/1.1" 404 Not Found
INFO:     2605:4c40:159:779f:0:e049:5003:1:0 - "GET /result/f3c82714-dbe4-4e44-8635-5f7cb58e5d1a HTTP/1.1" 404 Not Found
INFO:     2605:4c40:159:779f:0:e049:5003:1:0 - "GET /results/f3c82714-dbe4-4e44-8635-5f7cb58e5d1a HTTP/1.1" 404 Not Found
INFO:     2605:4c40:159:779f:0:e049:5003:1:0 - "GET /jobs/f3c82714-dbe4-4e44-8635-5f7cb58e5d1a/result HTTP/1.1" 404 Not Found
INFO:     2605:4c40:159:779f:0:e049:5003:1:0 - "GET /runs/f3c82714-dbe4-4e44-8635-5f7cb58e5d1a/result HTTP/1.1" 404 Not Found
INFO:     2605:4c40:159:779f:0:e049:5003:1:0 - "GET /download/f3c82714-dbe4-4e44-8635-5f7cb58e5d1a HTTP/1.1" 404 Not Found
INFO:     2605:4c40:159:779f:0:e049:5003:1:0 - "GET /outputs/f3c82714-dbe4-4e44-8635-5f7cb58e5d1a HTTP/1.1" 404 Not Found
INFO:     2605:4c40:159:779f:0:e049:5003:1:0 - "GET /output/f3c82714-dbe4-4e44-8635-5f7cb58e5d1a HTTP/1.1" 404 Not Found
INFO:     2605:4c40:159:779f:0:e049:5003:1:0 - "GET /svg/f3c82714-dbe4-4e44-8635-5f7cb58e5d1a HTTP/1.1" 404 Not Found
INFO:     2605:4c40:159:779f:0:e049:5003:1:0 - "GET /result?id=f3c82714-dbe4-4e44-8635-5f7cb58e5d1a HTTP/1.1" 404 Not Found
INFO:     2605:4c40:159:779f:0:e049:5003:1:0 - "GET /download?id=f3c82714-dbe4-4e44-8635-5f7cb58e5d1a HTTP/1.1" 404 Not Found
INFO:     2605:4c40:159:779f:0:e049:5003:1:0 - "GET /health HTTP/1.1" 200 OK
INFO:     2605:4c40:159:779f:0:e049:5003:1:0 - "POST /run HTTP/1.1" 500 Internal Server Error
INFO:     2605:4c40:159:779f:0:e049:5003:1:0 - "GET /health HTTP/1.1" 200 OK
INFO:     2605:4c40:159:779f:0:e049:5003:1:0 - "POST /run HTTP/1.1" 200 OK
INFO:     2605:4c40:159:779f:0:e049:5003:1:0 - "GET /download?id=f10aca5b-f879-4fb8-b341-0d8f1946ddf5 HTTP/1.1" 404 Not Found
INFO:     2605:4c40:159:779f:0:e049:5003:1:0 - "GET /status/f10aca5b-f879-4fb8-b341-0d8f1946ddf5 HTTP/1.1" 404 Not Found
INFO:     2605:4c40:159:779f:0:e049:5003:1:0 - "GET /jobs/f10aca5b-f879-4fb8-b341-0d8f1946ddf5 HTTP/1.1" 404 Not Found
INFO:     2605:4c40:159:779f:0:e049:5003:1:0 - "GET /jobs/f10aca5b-f879-4fb8-b341-0d8f1946ddf5/status HTTP/1.1" 404 Not Found
INFO:     2605:4c40:159:779f:0:e049:5003:1:0 - "GET /run/f10aca5b-f879-4fb8-b341-0d8f1946ddf5 HTTP/1.1" 404 Not Found
INFO:     2605:4c40:159:779f:0:e049:5003:1:0 - "GET /runs/f10aca5b-f879-4fb8-b341-0d8f1946ddf5 HTTP/1.1" 404 Not Found
INFO:     2605:4c40:159:779f:0:e049:5003:1:0 - "GET /runs/f10aca5b-f879-4fb8-b341-0d8f1946ddf5/status HTTP/1.1" 404 Not Found
INFO:     2605:4c40:159:779f:0:e049:5003:1:0 - "GET /status?id=f10aca5b-f879-4fb8-b341-0d8f1946ddf5 HTTP/1.1" 404 Not Found
INFO:     197.153.65.37:0 - "GET /health HTTP/1.1" 200 OK
INFO:     2605:4c40:159:779f:0:e049:5003:1:0 - "GET /health HTTP/1.1" 200 OK
INFO:     2605:4c40:159:779f:0:e049:5003:1:0 - "GET /health HTTP/1.1" 200 OK
INFO:     2605:4c40:159:779f:0:e049:5003:1:0 - "POST /run HTTP/1.1" 500 Internal Server Error
INFO:     2605:4c40:159:779f:0:e049:5003:1:0 - "GET /health HTTP/1.1" 200 OK
INFO:     2605:4c40:159:779f:0:e049:5003:1:0 - "POST /run HTTP/1.1" 500 Internal Server Error
INFO:     2605:4c40:159:779f:0:e049:5003:1:0 - "GET /health HTTP/1.1" 200 OK
INFO:     2605:4c40:159:779f:0:e049:5003:1:0 - "POST /run HTTP/1.1" 500 Internal Server Error
INFO:     2605:4c40:159:779f:0:e049:5003:1:0 - "GET /health HTTP/1.1" 200 OK
INFO:     2605:4c40:159:779f:0:e049:5003:1:0 - "POST /run HTTP/1.1" 500 Internal Server Error
INFO:     2605:4c40:159:779f:0:e049:5003:1:0 - "GET /health HTTP/1.1" 200 OK
INFO:     2605:4c40:159:1591:0:797c:a76d:1:0 - "GET /health HTTP/1.1" 200 OK
INFO:     2605:4c40:159:779f:0:e049:5003:1:0 - "GET /health HTTP/1.1" 200 OK
INFO:     2605:4c40:159:779f:0:e049:5003:1:0 - "POST /vectorize HTTP/1.1" 404 Not Found
INFO:     2605:4c40:159:779f:0:e049:5003:1:0 - "POST /vectorize HTTP/1.1" 404 Not Found
INFO:     2605:4c40:159:779f:0:e049:5003:1:0 - "POST /vectorize HTTP/1.1" 404 Not Found
INFO:     2605:4c40:159:779f:0:e049:5003:1:0 - "POST /vectorize HTTP/1.1" 404 Not Found
INFO:     2605:4c40:159:779f:0:e049:5003:1:0 - "POST /run HTTP/1.1" 200 OK
INFO:     2605:4c40:159:779f:0:e049:5003:1:0 - "POST /run HTTP/1.1" 401 Unauthorized
INFO:     2605:4c40:159:779f:0:e049:5003:1:0 - "POST /run HTTP/1.1" 401 Unauthorized
INFO:     2605:4c40:159:779f:0:e049:5003:1:0 - "POST /run HTTP/1.1" 200 OK
INFO:     2605:4c40:159:779f:0:e049:5003:1:0 - "POST /run HTTP/1.1" 200 OK
INFO:     2605:4c40:159:779f:0:e049:5003:1:0 - "GET /health HTTP/1.1" 200 OK
INFO:     2605:4c40:159:779f:0:e049:5003:1:0 - "POST /run HTTP/1.1" 200 OK
INFO:     2605:4c40:159:779f:0:e049:5003:1:0 - "GET /health HTTP/1.1" 200 OK
INFO:     2605:4c40:159:779f:0:e049:5003:1:0 - "GET /health HTTP/1.1" 200 OK
INFO:     2605:4c40:159:779f:0:e049:5003:1:0 - "POST /run HTTP/1.1" 200 OK
INFO:     2605:4c40:159:779f:0:e049:5003:1:0 - "GET /health HTTP/1.1" 200 OK
INFO:     2605:4c40:159:779f:0:e049:5003:1:0 - "POST /run HTTP/1.1" 200 OK
INFO:     2605:4c40:159:779f:0:e049:5003:1:0 - "GET /health HTTP/1.1" 200 OK
INFO:     2605:4c40:159:779f:0:e049:5003:1:0 - "POST /run HTTP/1.1" 200 OK
INFO:     2605:4c40:159:779f:0:e049:5003:1:0 - "GET /health HTTP/1.1" 200 OK
INFO:     2605:4c40:159:779f:0:e049:5003:1:0 - "POST /run HTTP/1.1" 200 OK
INFO:     2605:4c40:159:779f:0:e049:5003:1:0 - "GET /health HTTP/1.1" 200 OK
INFO:     2605:4c40:159:779f:0:e049:5003:1:0 - "POST /run HTTP/1.1" 200 OK
INFO:     127.0.0.1:59780 - "GET / HTTP/1.1" 200 OK
INFO:     127.0.0.1:59780 - "GET /favicon.ico HTTP/1.1" 404 Not Found
INFO:     127.0.0.1:51111 - "GET /?id=631c0492-688e-4d09-a544-840a2c55066c&vscodeBrowserReqId=1756248928286 HTTP/1.1" 200 OK
INFO:     127.0.0.1:32605 - "GET /admin HTTP/1.1" 404 Not Found
INFO:     127.0.0.1:32605 - "GET /favicon.ico HTTP/1.1" 404 Not Found
INFO:     127.0.0.1:46795 - "GET /favicon.ico HTTP/1.1" 404 Not Found
